[06-Mar-2025 04:54:33 Europe/Berlin] PHP Warning:  move_uploaded_file(pubblic/img/productos/67c91c7996a7e_erik-mclean-czMeCTUJe58-unsplash.jpg): Failed to open stream: No such file or directory in C:\xampp\htdocs\michicoleccion\controllers\ProductoController.php on line 52
[06-Mar-2025 04:54:33 Europe/Berlin] PHP Warning:  move_uploaded_file(): Unable to move &quot;C:\xampp\tmp\php9AE5.tmp&quot; to &quot;pubblic/img/productos/67c91c7996a7e_erik-mclean-czMeCTUJe58-unsplash.jpg&quot; in C:\xampp\htdocs\michicoleccion\controllers\ProductoController.php on line 52
[06-Mar-2025 04:56:48 Europe/Berlin] PHP Warning:  move_uploaded_file(pubblic/img/productos/67c91d0000a47_erik-mclean-czMeCTUJe58-unsplash.jpg): Failed to open stream: No such file or directory in C:\xampp\htdocs\michicoleccion\controllers\ProductoController.php on line 51
[06-Mar-2025 04:56:48 Europe/Berlin] PHP Warning:  move_uploaded_file(): Unable to move &quot;C:\xampp\tmp\phpA7CD.tmp&quot; to &quot;pubblic/img/productos/67c91d0000a47_erik-mclean-czMeCTUJe58-unsplash.jpg&quot; in C:\xampp\htdocs\michicoleccion\controllers\ProductoController.php on line 51
[06-Mar-2025 04:56:48 Europe/Berlin] PHP Warning:  Undefined array key "urlPortadaImg" in C:\xampp\htdocs\michicoleccion\core\Validator.php on line 11
[06-Mar-2025 04:58:40 Europe/Berlin] PHP Warning:  move_uploaded_file(pubblic/img/productos/67c91d703047a_erik-mclean-czMeCTUJe58-unsplash.jpg): Failed to open stream: No such file or directory in C:\xampp\htdocs\michicoleccion\controllers\ProductoController.php on line 51
[06-Mar-2025 04:58:40 Europe/Berlin] PHP Warning:  move_uploaded_file(): Unable to move &quot;C:\xampp\tmp\php5E38.tmp&quot; to &quot;pubblic/img/productos/67c91d703047a_erik-mclean-czMeCTUJe58-unsplash.jpg&quot; in C:\xampp\htdocs\michicoleccion\controllers\ProductoController.php on line 51
[06-Mar-2025 04:58:40 Europe/Berlin] PHP Warning:  Undefined array key "urlPortadaImg" in C:\xampp\htdocs\michicoleccion\core\Validator.php on line 11
[06-Mar-2025 05:00:19 Europe/Berlin] PHP Warning:  move_uploaded_file(pubblic/img/productos/67c91dd3a7d21_erik-mclean-czMeCTUJe58-unsplash.jpg): Failed to open stream: No such file or directory in C:\xampp\htdocs\michicoleccion\controllers\ProductoController.php on line 51
[06-Mar-2025 05:00:19 Europe/Berlin] PHP Warning:  move_uploaded_file(): Unable to move &quot;C:\xampp\tmp\phpE2E5.tmp&quot; to &quot;pubblic/img/productos/67c91dd3a7d21_erik-mclean-czMeCTUJe58-unsplash.jpg&quot; in C:\xampp\htdocs\michicoleccion\controllers\ProductoController.php on line 51
[06-Mar-2025 05:00:19 Europe/Berlin] PHP Warning:  Undefined array key "urlPortadaImg" in C:\xampp\htdocs\michicoleccion\core\Validator.php on line 11
[06-Mar-2025 05:00:46 Europe/Berlin] PHP Warning:  move_uploaded_file(pubblic/img/productos/67c91dee41acb_erik-mclean-czMeCTUJe58-unsplash.jpg): Failed to open stream: No such file or directory in C:\xampp\htdocs\michicoleccion\controllers\ProductoController.php on line 51
[06-Mar-2025 05:00:46 Europe/Berlin] PHP Warning:  move_uploaded_file(): Unable to move &quot;C:\xampp\tmp\php4AD8.tmp&quot; to &quot;pubblic/img/productos/67c91dee41acb_erik-mclean-czMeCTUJe58-unsplash.jpg&quot; in C:\xampp\htdocs\michicoleccion\controllers\ProductoController.php on line 51
[06-Mar-2025 05:00:46 Europe/Berlin] PHP Warning:  Undefined array key "urlPortadaImg" in C:\xampp\htdocs\michicoleccion\core\Validator.php on line 11
[06-Mar-2025 05:01:18 Europe/Berlin] PHP Warning:  move_uploaded_file(pubblic/img/productos/67c91e0e5797c_erik-mclean-czMeCTUJe58-unsplash.jpg): Failed to open stream: No such file or directory in C:\xampp\htdocs\michicoleccion\controllers\ProductoController.php on line 51
[06-Mar-2025 05:01:18 Europe/Berlin] PHP Warning:  move_uploaded_file(): Unable to move &quot;C:\xampp\tmp\phpC827.tmp&quot; to &quot;pubblic/img/productos/67c91e0e5797c_erik-mclean-czMeCTUJe58-unsplash.jpg&quot; in C:\xampp\htdocs\michicoleccion\controllers\ProductoController.php on line 51
[06-Mar-2025 05:01:18 Europe/Berlin] PHP Warning:  Undefined array key "urlPortadaImg" in C:\xampp\htdocs\michicoleccion\core\Validator.php on line 11
[06-Mar-2025 05:11:24 Europe/Berlin] PHP Warning:  move_uploaded_file(pubblic/img/productos/67c9206c7269e_erik-mclean-czMeCTUJe58-unsplash.jpg): Failed to open stream: No such file or directory in C:\xampp\htdocs\michicoleccion\controllers\ProductoController.php on line 51
[06-Mar-2025 05:11:24 Europe/Berlin] PHP Warning:  move_uploaded_file(): Unable to move &quot;C:\xampp\tmp\php7C5.tmp&quot; to &quot;pubblic/img/productos/67c9206c7269e_erik-mclean-czMeCTUJe58-unsplash.jpg&quot; in C:\xampp\htdocs\michicoleccion\controllers\ProductoController.php on line 51
[06-Mar-2025 05:11:24 Europe/Berlin] PHP Warning:  Undefined array key "urlPortadaImg" in C:\xampp\htdocs\michicoleccion\core\Validator.php on line 11
[06-Mar-2025 06:05:51 Europe/Berlin] PHP Warning:  Undefined array key "urlPortadaImg" in C:\xampp\htdocs\michicoleccion\controllers\ProductoController.php on line 111
[06-Mar-2025 06:52:36 Europe/Berlin] PHP Warning:  Undefined variable $errors in C:\xampp\htdocs\michicoleccion\controllers\ProductoController.php on line 157
[06-Mar-2025 06:52:36 Europe/Berlin] PHP Fatal error:  Uncaught TypeError: array_merge(): Argument #1 must be of type array, null given in C:\xampp\htdocs\michicoleccion\controllers\ProductoController.php:157
Stack trace:
#0 C:\xampp\htdocs\michicoleccion\controllers\ProductoController.php(157): array_merge(NULL, Array)
#1 C:\xampp\htdocs\michicoleccion\index.php(43): ProductoController->editarProducto('20')
#2 C:\xampp\htdocs\michicoleccion\core\Router.php(73): {closure}()
#3 C:\xampp\htdocs\michicoleccion\index.php(91): Router->dispatch('producto/editar', 'POST')
#4 {main}
  thrown in C:\xampp\htdocs\michicoleccion\controllers\ProductoController.php on line 157
[06-Mar-2025 07:49:57 Europe/Berlin] PHP Warning:  require_once(headerAdmin.php): Failed to open stream: No such file or directory in C:\xampp\htdocs\michicoleccion\views\layouts\layoutAdmin.php on line 31
[06-Mar-2025 07:49:57 Europe/Berlin] PHP Fatal error:  Uncaught Error: Failed opening required 'headerAdmin.php' (include_path='C:\xampp\php\PEAR') in C:\xampp\htdocs\michicoleccion\views\layouts\layoutAdmin.php:31
Stack trace:
#0 C:\xampp\htdocs\michicoleccion\views\productos\productos.php(75): require_once()
#1 C:\xampp\htdocs\michicoleccion\controllers\ProductoController.php(14): require('C:\\xampp\\htdocs...')
#2 C:\xampp\htdocs\michicoleccion\index.php(26): ProductoController->listarProductos()
#3 C:\xampp\htdocs\michicoleccion\core\Router.php(73): {closure}()
#4 C:\xampp\htdocs\michicoleccion\index.php(92): Router->dispatch('productos', 'GET')
#5 {main}
  thrown in C:\xampp\htdocs\michicoleccion\views\layouts\layoutAdmin.php on line 31
[06-Mar-2025 07:50:22 Europe/Berlin] PHP Warning:  require_once(headerAdmin.php): Failed to open stream: No such file or directory in C:\xampp\htdocs\michicoleccion\views\layouts\layoutAdmin.php on line 31
[06-Mar-2025 07:50:22 Europe/Berlin] PHP Fatal error:  Uncaught Error: Failed opening required 'headerAdmin.php' (include_path='C:\xampp\php\PEAR') in C:\xampp\htdocs\michicoleccion\views\layouts\layoutAdmin.php:31
Stack trace:
#0 C:\xampp\htdocs\michicoleccion\views\productos\productos.php(75): require_once()
#1 C:\xampp\htdocs\michicoleccion\controllers\ProductoController.php(14): require('C:\\xampp\\htdocs...')
#2 C:\xampp\htdocs\michicoleccion\index.php(26): ProductoController->listarProductos()
#3 C:\xampp\htdocs\michicoleccion\core\Router.php(73): {closure}()
#4 C:\xampp\htdocs\michicoleccion\index.php(92): Router->dispatch('productos', 'GET')
#5 {main}
  thrown in C:\xampp\htdocs\michicoleccion\views\layouts\layoutAdmin.php on line 31
[06-Mar-2025 07:50:24 Europe/Berlin] PHP Warning:  require_once(headerAdmin.php): Failed to open stream: No such file or directory in C:\xampp\htdocs\michicoleccion\views\layouts\layoutAdmin.php on line 31
[06-Mar-2025 07:50:24 Europe/Berlin] PHP Fatal error:  Uncaught Error: Failed opening required 'headerAdmin.php' (include_path='C:\xampp\php\PEAR') in C:\xampp\htdocs\michicoleccion\views\layouts\layoutAdmin.php:31
Stack trace:
#0 C:\xampp\htdocs\michicoleccion\views\productos\productos.php(75): require_once()
#1 C:\xampp\htdocs\michicoleccion\controllers\ProductoController.php(14): require('C:\\xampp\\htdocs...')
#2 C:\xampp\htdocs\michicoleccion\index.php(26): ProductoController->listarProductos()
#3 C:\xampp\htdocs\michicoleccion\core\Router.php(73): {closure}()
#4 C:\xampp\htdocs\michicoleccion\index.php(92): Router->dispatch('productos', 'GET')
#5 {main}
  thrown in C:\xampp\htdocs\michicoleccion\views\layouts\layoutAdmin.php on line 31
[06-Mar-2025 07:51:15 Europe/Berlin] PHP Warning:  require_once(headerAdmin.php): Failed to open stream: No such file or directory in C:\xampp\htdocs\michicoleccion\views\layouts\layoutAdmin.php on line 31
[06-Mar-2025 07:51:15 Europe/Berlin] PHP Fatal error:  Uncaught Error: Failed opening required 'headerAdmin.php' (include_path='C:\xampp\php\PEAR') in C:\xampp\htdocs\michicoleccion\views\layouts\layoutAdmin.php:31
Stack trace:
#0 C:\xampp\htdocs\michicoleccion\views\productos\productos.php(75): require_once()
#1 C:\xampp\htdocs\michicoleccion\controllers\ProductoController.php(14): require('C:\\xampp\\htdocs...')
#2 C:\xampp\htdocs\michicoleccion\index.php(26): ProductoController->listarProductos()
#3 C:\xampp\htdocs\michicoleccion\core\Router.php(73): {closure}()
#4 C:\xampp\htdocs\michicoleccion\index.php(92): Router->dispatch('productos', 'GET')
#5 {main}
  thrown in C:\xampp\htdocs\michicoleccion\views\layouts\layoutAdmin.php on line 31
[07-Mar-2025 03:59:43 Europe/Berlin] PHP Warning:  Undefined variable $resultados in C:\xampp\htdocs\michicoleccion\views\inicio\listaProductos.php on line 7
[07-Mar-2025 03:59:43 Europe/Berlin] PHP Warning:  foreach() argument must be of type array|object, null given in C:\xampp\htdocs\michicoleccion\views\inicio\listaProductos.php on line 7
[07-Mar-2025 03:59:52 Europe/Berlin] PHP Warning:  Undefined variable $resultados in C:\xampp\htdocs\michicoleccion\views\inicio\listaProductos.php on line 7
[07-Mar-2025 03:59:52 Europe/Berlin] PHP Warning:  foreach() argument must be of type array|object, null given in C:\xampp\htdocs\michicoleccion\views\inicio\listaProductos.php on line 7
[07-Mar-2025 04:00:15 Europe/Berlin] PHP Warning:  Trying to access array offset on value of type bool in C:\xampp\htdocs\michicoleccion\views\inicio\listaProductos.php on line 8
[07-Mar-2025 04:00:15 Europe/Berlin] PHP Deprecated:  htmlspecialchars(): Passing null to parameter #1 ($string) of type string is deprecated in C:\xampp\htdocs\michicoleccion\views\inicio\listaProductos.php on line 8
[07-Mar-2025 04:00:15 Europe/Berlin] PHP Warning:  Trying to access array offset on value of type bool in C:\xampp\htdocs\michicoleccion\views\inicio\listaProductos.php on line 9
[07-Mar-2025 04:00:15 Europe/Berlin] PHP Deprecated:  htmlspecialchars(): Passing null to parameter #1 ($string) of type string is deprecated in C:\xampp\htdocs\michicoleccion\views\inicio\listaProductos.php on line 9
[07-Mar-2025 04:00:15 Europe/Berlin] PHP Warning:  Trying to access array offset on value of type bool in C:\xampp\htdocs\michicoleccion\views\inicio\listaProductos.php on line 10
[07-Mar-2025 04:00:15 Europe/Berlin] PHP Deprecated:  htmlspecialchars(): Passing null to parameter #1 ($string) of type string is deprecated in C:\xampp\htdocs\michicoleccion\views\inicio\listaProductos.php on line 10
[07-Mar-2025 04:00:15 Europe/Berlin] PHP Warning:  Trying to access array offset on value of type bool in C:\xampp\htdocs\michicoleccion\views\inicio\listaProductos.php on line 11
[07-Mar-2025 04:00:15 Europe/Berlin] PHP Deprecated:  htmlspecialchars(): Passing null to parameter #1 ($string) of type string is deprecated in C:\xampp\htdocs\michicoleccion\views\inicio\listaProductos.php on line 11
[07-Mar-2025 04:00:15 Europe/Berlin] PHP Fatal error:  Uncaught TypeError: Cannot access offset of type string on string in C:\xampp\htdocs\michicoleccion\views\inicio\listaProductos.php:8
Stack trace:
#0 C:\xampp\htdocs\michicoleccion\views\inicio\inicio.php(13): require_once()
#1 C:\xampp\htdocs\michicoleccion\controllers\InicioController.php(11): require_once('C:\\xampp\\htdocs...')
#2 C:\xampp\htdocs\michicoleccion\index.php(18): inicioController->showInicio()
#3 C:\xampp\htdocs\michicoleccion\core\Router.php(73): {closure}()
#4 C:\xampp\htdocs\michicoleccion\index.php(92): Router->dispatch('/', 'GET')
#5 {main}
  thrown in C:\xampp\htdocs\michicoleccion\views\inicio\listaProductos.php on line 8
[07-Mar-2025 04:00:20 Europe/Berlin] PHP Warning:  Trying to access array offset on value of type bool in C:\xampp\htdocs\michicoleccion\views\inicio\listaProductos.php on line 8
[07-Mar-2025 04:00:20 Europe/Berlin] PHP Deprecated:  htmlspecialchars(): Passing null to parameter #1 ($string) of type string is deprecated in C:\xampp\htdocs\michicoleccion\views\inicio\listaProductos.php on line 8
[07-Mar-2025 04:00:20 Europe/Berlin] PHP Warning:  Trying to access array offset on value of type bool in C:\xampp\htdocs\michicoleccion\views\inicio\listaProductos.php on line 9
[07-Mar-2025 04:00:20 Europe/Berlin] PHP Deprecated:  htmlspecialchars(): Passing null to parameter #1 ($string) of type string is deprecated in C:\xampp\htdocs\michicoleccion\views\inicio\listaProductos.php on line 9
[07-Mar-2025 04:00:20 Europe/Berlin] PHP Warning:  Trying to access array offset on value of type bool in C:\xampp\htdocs\michicoleccion\views\inicio\listaProductos.php on line 10
[07-Mar-2025 04:00:20 Europe/Berlin] PHP Deprecated:  htmlspecialchars(): Passing null to parameter #1 ($string) of type string is deprecated in C:\xampp\htdocs\michicoleccion\views\inicio\listaProductos.php on line 10
[07-Mar-2025 04:00:20 Europe/Berlin] PHP Warning:  Trying to access array offset on value of type bool in C:\xampp\htdocs\michicoleccion\views\inicio\listaProductos.php on line 11
[07-Mar-2025 04:00:20 Europe/Berlin] PHP Deprecated:  htmlspecialchars(): Passing null to parameter #1 ($string) of type string is deprecated in C:\xampp\htdocs\michicoleccion\views\inicio\listaProductos.php on line 11
[07-Mar-2025 04:00:20 Europe/Berlin] PHP Fatal error:  Uncaught TypeError: Cannot access offset of type string on string in C:\xampp\htdocs\michicoleccion\views\inicio\listaProductos.php:8
Stack trace:
#0 C:\xampp\htdocs\michicoleccion\views\inicio\inicio.php(13): require_once()
#1 C:\xampp\htdocs\michicoleccion\controllers\InicioController.php(11): require_once('C:\\xampp\\htdocs...')
#2 C:\xampp\htdocs\michicoleccion\index.php(18): inicioController->showInicio()
#3 C:\xampp\htdocs\michicoleccion\core\Router.php(73): {closure}()
#4 C:\xampp\htdocs\michicoleccion\index.php(92): Router->dispatch('/', 'GET')
#5 {main}
  thrown in C:\xampp\htdocs\michicoleccion\views\inicio\listaProductos.php on line 8
[07-Mar-2025 04:00:33 Europe/Berlin] PHP Warning:  Trying to access array offset on value of type bool in C:\xampp\htdocs\michicoleccion\views\inicio\listaProductos.php on line 8
[07-Mar-2025 04:00:33 Europe/Berlin] PHP Deprecated:  htmlspecialchars(): Passing null to parameter #1 ($string) of type string is deprecated in C:\xampp\htdocs\michicoleccion\views\inicio\listaProductos.php on line 8
[07-Mar-2025 04:00:33 Europe/Berlin] PHP Warning:  Trying to access array offset on value of type bool in C:\xampp\htdocs\michicoleccion\views\inicio\listaProductos.php on line 9
[07-Mar-2025 04:00:33 Europe/Berlin] PHP Deprecated:  htmlspecialchars(): Passing null to parameter #1 ($string) of type string is deprecated in C:\xampp\htdocs\michicoleccion\views\inicio\listaProductos.php on line 9
[07-Mar-2025 04:00:33 Europe/Berlin] PHP Warning:  Trying to access array offset on value of type bool in C:\xampp\htdocs\michicoleccion\views\inicio\listaProductos.php on line 10
[07-Mar-2025 04:00:33 Europe/Berlin] PHP Deprecated:  htmlspecialchars(): Passing null to parameter #1 ($string) of type string is deprecated in C:\xampp\htdocs\michicoleccion\views\inicio\listaProductos.php on line 10
[07-Mar-2025 04:00:33 Europe/Berlin] PHP Warning:  Trying to access array offset on value of type bool in C:\xampp\htdocs\michicoleccion\views\inicio\listaProductos.php on line 11
[07-Mar-2025 04:00:33 Europe/Berlin] PHP Deprecated:  htmlspecialchars(): Passing null to parameter #1 ($string) of type string is deprecated in C:\xampp\htdocs\michicoleccion\views\inicio\listaProductos.php on line 11
[07-Mar-2025 04:00:33 Europe/Berlin] PHP Fatal error:  Uncaught TypeError: Cannot access offset of type string on string in C:\xampp\htdocs\michicoleccion\views\inicio\listaProductos.php:8
Stack trace:
#0 C:\xampp\htdocs\michicoleccion\views\inicio\inicio.php(13): require_once()
#1 C:\xampp\htdocs\michicoleccion\controllers\InicioController.php(11): require_once('C:\\xampp\\htdocs...')
#2 C:\xampp\htdocs\michicoleccion\index.php(18): inicioController->showInicio()
#3 C:\xampp\htdocs\michicoleccion\core\Router.php(73): {closure}()
#4 C:\xampp\htdocs\michicoleccion\index.php(92): Router->dispatch('/', 'GET')
#5 {main}
  thrown in C:\xampp\htdocs\michicoleccion\views\inicio\listaProductos.php on line 8
[07-Mar-2025 04:03:36 Europe/Berlin] PHP Warning:  Trying to access array offset on value of type bool in C:\xampp\htdocs\michicoleccion\views\inicio\listaProductos.php on line 8
[07-Mar-2025 04:03:36 Europe/Berlin] PHP Deprecated:  htmlspecialchars(): Passing null to parameter #1 ($string) of type string is deprecated in C:\xampp\htdocs\michicoleccion\views\inicio\listaProductos.php on line 8
[07-Mar-2025 04:03:36 Europe/Berlin] PHP Warning:  Trying to access array offset on value of type bool in C:\xampp\htdocs\michicoleccion\views\inicio\listaProductos.php on line 9
[07-Mar-2025 04:03:36 Europe/Berlin] PHP Deprecated:  htmlspecialchars(): Passing null to parameter #1 ($string) of type string is deprecated in C:\xampp\htdocs\michicoleccion\views\inicio\listaProductos.php on line 9
[07-Mar-2025 04:03:36 Europe/Berlin] PHP Warning:  Trying to access array offset on value of type bool in C:\xampp\htdocs\michicoleccion\views\inicio\listaProductos.php on line 10
[07-Mar-2025 04:03:36 Europe/Berlin] PHP Deprecated:  htmlspecialchars(): Passing null to parameter #1 ($string) of type string is deprecated in C:\xampp\htdocs\michicoleccion\views\inicio\listaProductos.php on line 10
[07-Mar-2025 04:03:36 Europe/Berlin] PHP Warning:  Trying to access array offset on value of type bool in C:\xampp\htdocs\michicoleccion\views\inicio\listaProductos.php on line 11
[07-Mar-2025 04:03:36 Europe/Berlin] PHP Deprecated:  htmlspecialchars(): Passing null to parameter #1 ($string) of type string is deprecated in C:\xampp\htdocs\michicoleccion\views\inicio\listaProductos.php on line 11
[07-Mar-2025 04:03:36 Europe/Berlin] PHP Fatal error:  Uncaught TypeError: Cannot access offset of type string on string in C:\xampp\htdocs\michicoleccion\views\inicio\listaProductos.php:8
Stack trace:
#0 C:\xampp\htdocs\michicoleccion\views\inicio\inicio.php(13): require_once()
#1 C:\xampp\htdocs\michicoleccion\controllers\InicioController.php(11): require_once('C:\\xampp\\htdocs...')
#2 C:\xampp\htdocs\michicoleccion\index.php(18): inicioController->showInicio()
#3 C:\xampp\htdocs\michicoleccion\core\Router.php(73): {closure}()
#4 C:\xampp\htdocs\michicoleccion\index.php(92): Router->dispatch('/', 'GET')
#5 {main}
  thrown in C:\xampp\htdocs\michicoleccion\views\inicio\listaProductos.php on line 8
[07-Mar-2025 04:40:33 Europe/Berlin] PHP Warning:  Undefined variable $inicio in C:\xampp\htdocs\michicoleccion\index.php on line 23
[07-Mar-2025 04:40:33 Europe/Berlin] PHP Fatal error:  Uncaught Error: Call to a member function showBuscador() on null in C:\xampp\htdocs\michicoleccion\index.php:23
Stack trace:
#0 C:\xampp\htdocs\michicoleccion\core\Router.php(73): {closure}()
#1 C:\xampp\htdocs\michicoleccion\index.php(97): Router->dispatch('buscador', 'GET')
#2 {main}
  thrown in C:\xampp\htdocs\michicoleccion\index.php on line 23
[07-Mar-2025 04:40:47 Europe/Berlin] PHP Warning:  Undefined variable $inicio in C:\xampp\htdocs\michicoleccion\index.php on line 23
[07-Mar-2025 04:40:47 Europe/Berlin] PHP Fatal error:  Uncaught Error: Call to a member function showBuscador() on null in C:\xampp\htdocs\michicoleccion\index.php:23
Stack trace:
#0 C:\xampp\htdocs\michicoleccion\core\Router.php(73): {closure}()
#1 C:\xampp\htdocs\michicoleccion\index.php(97): Router->dispatch('buscador', 'GET')
#2 {main}
  thrown in C:\xampp\htdocs\michicoleccion\index.php on line 23
[07-Mar-2025 06:41:16 Europe/Berlin] PHP Fatal error:  Uncaught Error: Object of class BuscadorController could not be converted to string in C:\xampp\htdocs\michicoleccion\index.php:29
Stack trace:
#0 C:\xampp\htdocs\michicoleccion\core\Router.php(73): {closure}('ninja')
#1 C:\xampp\htdocs\michicoleccion\index.php(102): Router->dispatch('buscar/ninja', 'GET')
#2 {main}
  thrown in C:\xampp\htdocs\michicoleccion\index.php on line 29
[07-Mar-2025 06:41:23 Europe/Berlin] PHP Fatal error:  Uncaught Error: Object of class BuscadorController could not be converted to string in C:\xampp\htdocs\michicoleccion\index.php:29
Stack trace:
#0 C:\xampp\htdocs\michicoleccion\core\Router.php(73): {closure}('n')
#1 C:\xampp\htdocs\michicoleccion\index.php(102): Router->dispatch('buscar/n', 'GET')
#2 {main}
  thrown in C:\xampp\htdocs\michicoleccion\index.php on line 29
[07-Mar-2025 06:42:16 Europe/Berlin] PHP Fatal error:  Uncaught Error: Object of class BuscadorController could not be converted to string in C:\xampp\htdocs\michicoleccion\index.php:29
Stack trace:
#0 C:\xampp\htdocs\michicoleccion\core\Router.php(73): {closure}('n')
#1 C:\xampp\htdocs\michicoleccion\index.php(102): Router->dispatch('buscar/n', 'GET')
#2 {main}
  thrown in C:\xampp\htdocs\michicoleccion\index.php on line 29
[07-Mar-2025 07:18:00 Europe/Berlin] PHP Warning:  Undefined variable $query in C:\xampp\htdocs\michicoleccion\controllers\BuscadorController.php on line 31
[07-Mar-2025 07:18:01 Europe/Berlin] PHP Warning:  Undefined variable $query in C:\xampp\htdocs\michicoleccion\controllers\BuscadorController.php on line 31
[07-Mar-2025 07:18:01 Europe/Berlin] PHP Warning:  Undefined variable $query in C:\xampp\htdocs\michicoleccion\controllers\BuscadorController.php on line 31
[14-Mar-2025 00:32:00 Europe/Berlin] PHP Fatal error:  Uncaught Error: Call to undefined function tr_replace() in C:\xampp\htdocs\michicoleccion\controllers\BuscadorController.php:33
Stack trace:
#0 C:\xampp\htdocs\michicoleccion\index.php(29): BuscadorController->buscar('ninja-j')
#1 C:\xampp\htdocs\michicoleccion\core\Router.php(73): {closure}('ninja-j')
#2 C:\xampp\htdocs\michicoleccion\index.php(102): Router->dispatch('buscar/ninja-j', 'GET')
#3 {main}
  thrown in C:\xampp\htdocs\michicoleccion\controllers\BuscadorController.php on line 33
[14-Mar-2025 00:32:01 Europe/Berlin] PHP Fatal error:  Uncaught Error: Call to undefined function tr_replace() in C:\xampp\htdocs\michicoleccion\controllers\BuscadorController.php:33
Stack trace:
#0 C:\xampp\htdocs\michicoleccion\index.php(29): BuscadorController->buscar('ninja-ja')
#1 C:\xampp\htdocs\michicoleccion\core\Router.php(73): {closure}('ninja-ja')
#2 C:\xampp\htdocs\michicoleccion\index.php(102): Router->dispatch('buscar/ninja-ja', 'GET')
#3 {main}
  thrown in C:\xampp\htdocs\michicoleccion\controllers\BuscadorController.php on line 33
[14-Mar-2025 00:32:04 Europe/Berlin] PHP Fatal error:  Uncaught Error: Call to undefined function tr_replace() in C:\xampp\htdocs\michicoleccion\controllers\BuscadorController.php:33
Stack trace:
#0 C:\xampp\htdocs\michicoleccion\index.php(29): BuscadorController->buscar('ninja-j')
#1 C:\xampp\htdocs\michicoleccion\core\Router.php(73): {closure}('ninja-j')
#2 C:\xampp\htdocs\michicoleccion\index.php(102): Router->dispatch('buscar/ninja-j', 'GET')
#3 {main}
  thrown in C:\xampp\htdocs\michicoleccion\controllers\BuscadorController.php on line 33
[14-Mar-2025 00:32:04 Europe/Berlin] PHP Fatal error:  Uncaught Error: Call to undefined function tr_replace() in C:\xampp\htdocs\michicoleccion\controllers\BuscadorController.php:33
Stack trace:
#0 C:\xampp\htdocs\michicoleccion\index.php(29): BuscadorController->buscar('ninja-')
#1 C:\xampp\htdocs\michicoleccion\core\Router.php(73): {closure}('ninja-')
#2 C:\xampp\htdocs\michicoleccion\index.php(102): Router->dispatch('buscar/ninja-', 'GET')
#3 {main}
  thrown in C:\xampp\htdocs\michicoleccion\controllers\BuscadorController.php on line 33
[14-Mar-2025 00:32:04 Europe/Berlin] PHP Fatal error:  Uncaught Error: Call to undefined function tr_replace() in C:\xampp\htdocs\michicoleccion\controllers\BuscadorController.php:33
Stack trace:
#0 C:\xampp\htdocs\michicoleccion\index.php(29): BuscadorController->buscar('ninja')
#1 C:\xampp\htdocs\michicoleccion\core\Router.php(73): {closure}('ninja')
#2 C:\xampp\htdocs\michicoleccion\index.php(102): Router->dispatch('buscar/ninja', 'GET')
#3 {main}
  thrown in C:\xampp\htdocs\michicoleccion\controllers\BuscadorController.php on line 33
[14-Mar-2025 00:32:05 Europe/Berlin] PHP Fatal error:  Uncaught Error: Call to undefined function tr_replace() in C:\xampp\htdocs\michicoleccion\controllers\BuscadorController.php:33
Stack trace:
#0 C:\xampp\htdocs\michicoleccion\index.php(29): BuscadorController->buscar('ninja-')
#1 C:\xampp\htdocs\michicoleccion\core\Router.php(73): {closure}('ninja-')
#2 C:\xampp\htdocs\michicoleccion\index.php(102): Router->dispatch('buscar/ninja-', 'GET')
#3 {main}
  thrown in C:\xampp\htdocs\michicoleccion\controllers\BuscadorController.php on line 33
[14-Mar-2025 00:32:46 Europe/Berlin] PHP Fatal error:  Uncaught Error: Call to undefined function tr_replace() in C:\xampp\htdocs\michicoleccion\controllers\BuscadorController.php:33
Stack trace:
#0 C:\xampp\htdocs\michicoleccion\index.php(29): BuscadorController->buscar('ninja-g')
#1 C:\xampp\htdocs\michicoleccion\core\Router.php(73): {closure}('ninja-g')
#2 C:\xampp\htdocs\michicoleccion\index.php(102): Router->dispatch('buscar/ninja-g', 'GET')
#3 {main}
  thrown in C:\xampp\htdocs\michicoleccion\controllers\BuscadorController.php on line 33
[14-Mar-2025 00:34:53 Europe/Berlin] PHP Fatal error:  Uncaught Error: Call to undefined function tr_replace() in C:\xampp\htdocs\michicoleccion\controllers\BuscadorController.php:33
Stack trace:
#0 C:\xampp\htdocs\michicoleccion\index.php(29): BuscadorController->buscar('ninja-gaid')
#1 C:\xampp\htdocs\michicoleccion\core\Router.php(73): {closure}('ninja-gaid')
#2 C:\xampp\htdocs\michicoleccion\index.php(102): Router->dispatch('buscar/ninja-ga...', 'GET')
#3 {main}
  thrown in C:\xampp\htdocs\michicoleccion\controllers\BuscadorController.php on line 33
[14-Mar-2025 00:35:16 Europe/Berlin] PHP Fatal error:  Uncaught Error: Call to undefined function tr_replace() in C:\xampp\htdocs\michicoleccion\controllers\BuscadorController.php:33
Stack trace:
#0 C:\xampp\htdocs\michicoleccion\index.php(29): BuscadorController->buscar('ninja-gaide')
#1 C:\xampp\htdocs\michicoleccion\core\Router.php(73): {closure}('ninja-gaide')
#2 C:\xampp\htdocs\michicoleccion\index.php(102): Router->dispatch('buscar/ninja-ga...', 'GET')
#3 {main}
  thrown in C:\xampp\htdocs\michicoleccion\controllers\BuscadorController.php on line 33
[14-Mar-2025 00:35:31 Europe/Berlin] PHP Fatal error:  Uncaught Error: Call to undefined function tr_replace() in C:\xampp\htdocs\michicoleccion\controllers\BuscadorController.php:33
Stack trace:
#0 C:\xampp\htdocs\michicoleccion\index.php(29): BuscadorController->buscar('ninja-gaiden')
#1 C:\xampp\htdocs\michicoleccion\core\Router.php(73): {closure}('ninja-gaiden')
#2 C:\xampp\htdocs\michicoleccion\index.php(102): Router->dispatch('buscar/ninja-ga...', 'GET')
#3 {main}
  thrown in C:\xampp\htdocs\michicoleccion\controllers\BuscadorController.php on line 33
[14-Mar-2025 00:35:41 Europe/Berlin] PHP Fatal error:  Uncaught Error: Call to undefined function tr_replace() in C:\xampp\htdocs\michicoleccion\controllers\BuscadorController.php:33
Stack trace:
#0 C:\xampp\htdocs\michicoleccion\index.php(29): BuscadorController->buscar('ninja-gaiden-')
#1 C:\xampp\htdocs\michicoleccion\core\Router.php(73): {closure}('ninja-gaiden-')
#2 C:\xampp\htdocs\michicoleccion\index.php(102): Router->dispatch('buscar/ninja-ga...', 'GET')
#3 {main}
  thrown in C:\xampp\htdocs\michicoleccion\controllers\BuscadorController.php on line 33
